The system is: Darwin - 16.0.0 - x86_64
Compiling the C compiler identification source file "CMakeCCompilerId.c" succeeded.
Compiler: /Users/xwu/software/openmp/bin/mpicc 
Build flags: 
Id flags: 

The output was:
0


Compilation of the C compiler identification source "CMakeCCompilerId.c" produced "a.out"

The C compiler identification is AppleClang, found in "/Users/xwu/phd_xwu/BGMRES-GPU/CMakeFiles/3.6.0/CompilerIdC/a.out"

Compiling the CXX compiler identification source file "CMakeCXXCompilerId.cpp" succeeded.
Compiler: /Users/xwu/software/openmp/bin/mpicxx 
Build flags: 
Id flags: 

The output was:
0


Compilation of the CXX compiler identification source "CMakeCXXCompilerId.cpp" produced "a.out"

The CXX compiler identification is AppleClang, found in "/Users/xwu/phd_xwu/BGMRES-GPU/CMakeFiles/3.6.0/CompilerIdCXX/a.out"

Determining if the C compiler works passed with the following output:
Change Dir: /Users/xwu/phd_xwu/BGMRES-GPU/CMakeFiles/CMakeTmp

Run Build Command:"/usr/bin/make" "cmTC_ae3af/fast"
/Library/Developer/CommandLineTools/usr/bin/make -f CMakeFiles/cmTC_ae3af.dir/build.make CMakeFiles/cmTC_ae3af.dir/build
Building C object CMakeFiles/cmTC_ae3af.dir/testCCompiler.c.o
/Users/xwu/software/openmp/bin/mpicc     -o CMakeFiles/cmTC_ae3af.dir/testCCompiler.c.o   -c /Users/xwu/phd_xwu/BGMRES-GPU/CMakeFiles/CMakeTmp/testCCompiler.c
Linking C executable cmTC_ae3af
/usr/local/Cellar/cmake/3.6.0/bin/cmake -E cmake_link_script CMakeFiles/cmTC_ae3af.dir/link.txt --verbose=1
/Users/xwu/software/openmp/bin/mpicc    -Wl,-search_paths_first -Wl,-headerpad_max_install_names   CMakeFiles/cmTC_ae3af.dir/testCCompiler.c.o  -o cmTC_ae3af 


Detecting C compiler ABI info compiled with the following output:
Change Dir: /Users/xwu/phd_xwu/BGMRES-GPU/CMakeFiles/CMakeTmp

Run Build Command:"/usr/bin/make" "cmTC_ecc94/fast"
/Library/Developer/CommandLineTools/usr/bin/make -f CMakeFiles/cmTC_ecc94.dir/build.make CMakeFiles/cmTC_ecc94.dir/build
Building C object CMakeFiles/cmTC_ecc94.dir/CMakeCCompilerABI.c.o
/Users/xwu/software/openmp/bin/mpicc     -o CMakeFiles/cmTC_ecc94.dir/CMakeCCompilerABI.c.o   -c /usr/local/Cellar/cmake/3.6.0/share/cmake/Modules/CMakeCCompilerABI.c
Linking C executable cmTC_ecc94
/usr/local/Cellar/cmake/3.6.0/bin/cmake -E cmake_link_script CMakeFiles/cmTC_ecc94.dir/link.txt --verbose=1
/Users/xwu/software/openmp/bin/mpicc    -Wl,-search_paths_first -Wl,-headerpad_max_install_names  -v -Wl,-v CMakeFiles/cmTC_ecc94.dir/CMakeCCompilerABI.c.o  -o cmTC_ecc94  
Apple LLVM version 8.0.0 (clang-800.0.38)
Target: x86_64-apple-darwin16.0.0
Thread model: posix
InstalledDir: /Library/Developer/CommandLineTools/usr/bin
 "/Library/Developer/CommandLineTools/usr/bin/ld" -demangle -dynamic -arch x86_64 -macosx_version_min 10.12.0 -o cmTC_ecc94 -L/Users/xwu/software/openmp/lib -search_paths_first -headerpad_max_install_names -v CMakeFiles/cmTC_ecc94.dir/CMakeCCompilerABI.c.o -lmpi -lSystem /Library/Developer/CommandLineTools/usr/bin/../lib/clang/8.0.0/lib/darwin/libclang_rt.osx.a
@(#)PROGRAM:ld  PROJECT:ld64-274.1
configured to support archs: armv6 armv7 armv7s arm64 i386 x86_64 x86_64h armv6m armv7k armv7m armv7em (tvOS)
Library search paths:
	/Users/xwu/software/openmp/lib
	/usr/lib
	/usr/local/lib
Framework search paths:
	/Library/Frameworks/
	/System/Library/Frameworks/


Parsed C implicit link information from above output:
  link line regex: [^( *|.*[/\])(CMAKE_LINKER-NOTFOUND|([^/\]+-)?ld|collect2)[^/\]*( |$)]
  ignore line: [Change Dir: /Users/xwu/phd_xwu/BGMRES-GPU/CMakeFiles/CMakeTmp]
  ignore line: []
  ignore line: [Run Build Command:"/usr/bin/make" "cmTC_ecc94/fast"]
  ignore line: [/Library/Developer/CommandLineTools/usr/bin/make -f CMakeFiles/cmTC_ecc94.dir/build.make CMakeFiles/cmTC_ecc94.dir/build]
  ignore line: [Building C object CMakeFiles/cmTC_ecc94.dir/CMakeCCompilerABI.c.o]
  ignore line: [/Users/xwu/software/openmp/bin/mpicc     -o CMakeFiles/cmTC_ecc94.dir/CMakeCCompilerABI.c.o   -c /usr/local/Cellar/cmake/3.6.0/share/cmake/Modules/CMakeCCompilerABI.c]
  ignore line: [Linking C executable cmTC_ecc94]
  ignore line: [/usr/local/Cellar/cmake/3.6.0/bin/cmake -E cmake_link_script CMakeFiles/cmTC_ecc94.dir/link.txt --verbose=1]
  ignore line: [/Users/xwu/software/openmp/bin/mpicc    -Wl,-search_paths_first -Wl,-headerpad_max_install_names  -v -Wl,-v CMakeFiles/cmTC_ecc94.dir/CMakeCCompilerABI.c.o  -o cmTC_ecc94  ]
  ignore line: [Apple LLVM version 8.0.0 (clang-800.0.38)]
  ignore line: [Target: x86_64-apple-darwin16.0.0]
  ignore line: [Thread model: posix]
  ignore line: [InstalledDir: /Library/Developer/CommandLineTools/usr/bin]
  link line: [ "/Library/Developer/CommandLineTools/usr/bin/ld" -demangle -dynamic -arch x86_64 -macosx_version_min 10.12.0 -o cmTC_ecc94 -L/Users/xwu/software/openmp/lib -search_paths_first -headerpad_max_install_names -v CMakeFiles/cmTC_ecc94.dir/CMakeCCompilerABI.c.o -lmpi -lSystem /Library/Developer/CommandLineTools/usr/bin/../lib/clang/8.0.0/lib/darwin/libclang_rt.osx.a]
    arg [/Library/Developer/CommandLineTools/usr/bin/ld] ==> ignore
    arg [-demangle] ==> ignore
    arg [-dynamic] ==> ignore
    arg [-arch] ==> ignore
    arg [x86_64] ==> ignore
    arg [-macosx_version_min] ==> ignore
    arg [10.12.0] ==> ignore
    arg [-o] ==> ignore
    arg [cmTC_ecc94] ==> ignore
    arg [-L/Users/xwu/software/openmp/lib] ==> dir [/Users/xwu/software/openmp/lib]
    arg [-search_paths_first] ==> ignore
    arg [-headerpad_max_install_names] ==> ignore
    arg [-v] ==> ignore
    arg [CMakeFiles/cmTC_ecc94.dir/CMakeCCompilerABI.c.o] ==> ignore
    arg [-lmpi] ==> lib [mpi]
    arg [-lSystem] ==> lib [System]
    arg [/Library/Developer/CommandLineTools/usr/bin/../lib/clang/8.0.0/lib/darwin/libclang_rt.osx.a] ==> lib [/Library/Developer/CommandLineTools/usr/bin/../lib/clang/8.0.0/lib/darwin/libclang_rt.osx.a]
  Library search paths: [;/Users/xwu/software/openmp/lib;/usr/lib;/usr/local/lib]
  Framework search paths: [;/Library/Frameworks/;/System/Library/Frameworks/]
  remove lib [System]
  collapse lib [/Library/Developer/CommandLineTools/usr/bin/../lib/clang/8.0.0/lib/darwin/libclang_rt.osx.a] ==> [/Library/Developer/CommandLineTools/usr/lib/clang/8.0.0/lib/darwin/libclang_rt.osx.a]
  collapse library dir [/Users/xwu/software/openmp/lib] ==> [/Users/xwu/software/openmp/lib]
  collapse library dir [/Users/xwu/software/openmp/lib] ==> [/Users/xwu/software/openmp/lib]
  collapse library dir [/usr/lib] ==> [/usr/lib]
  collapse library dir [/usr/local/lib] ==> [/usr/local/lib]
  collapse framework dir [/Library/Frameworks/] ==> [/Library/Frameworks]
  collapse framework dir [/System/Library/Frameworks/] ==> [/System/Library/Frameworks]
  implicit libs: [mpi;/Library/Developer/CommandLineTools/usr/lib/clang/8.0.0/lib/darwin/libclang_rt.osx.a]
  implicit dirs: [/Users/xwu/software/openmp/lib;/usr/lib;/usr/local/lib]
  implicit fwks: [/Library/Frameworks;/System/Library/Frameworks]




Detecting C [-std=c11] compiler features compiled with the following output:
Change Dir: /Users/xwu/phd_xwu/BGMRES-GPU/CMakeFiles/CMakeTmp

Run Build Command:"/usr/bin/make" "cmTC_322dc/fast"
/Library/Developer/CommandLineTools/usr/bin/make -f CMakeFiles/cmTC_322dc.dir/build.make CMakeFiles/cmTC_322dc.dir/build
Building C object CMakeFiles/cmTC_322dc.dir/feature_tests.c.o
/Users/xwu/software/openmp/bin/mpicc    -std=c11 -o CMakeFiles/cmTC_322dc.dir/feature_tests.c.o   -c /Users/xwu/phd_xwu/BGMRES-GPU/CMakeFiles/feature_tests.c
Linking C executable cmTC_322dc
/usr/local/Cellar/cmake/3.6.0/bin/cmake -E cmake_link_script CMakeFiles/cmTC_322dc.dir/link.txt --verbose=1
/Users/xwu/software/openmp/bin/mpicc    -Wl,-search_paths_first -Wl,-headerpad_max_install_names   CMakeFiles/cmTC_322dc.dir/feature_tests.c.o  -o cmTC_322dc 


    Feature record: C_FEATURE:1c_function_prototypes
    Feature record: C_FEATURE:1c_restrict
    Feature record: C_FEATURE:1c_static_assert
    Feature record: C_FEATURE:1c_variadic_macros


Detecting C [-std=c99] compiler features compiled with the following output:
Change Dir: /Users/xwu/phd_xwu/BGMRES-GPU/CMakeFiles/CMakeTmp

Run Build Command:"/usr/bin/make" "cmTC_ea918/fast"
/Library/Developer/CommandLineTools/usr/bin/make -f CMakeFiles/cmTC_ea918.dir/build.make CMakeFiles/cmTC_ea918.dir/build
Building C object CMakeFiles/cmTC_ea918.dir/feature_tests.c.o
/Users/xwu/software/openmp/bin/mpicc    -std=c99 -o CMakeFiles/cmTC_ea918.dir/feature_tests.c.o   -c /Users/xwu/phd_xwu/BGMRES-GPU/CMakeFiles/feature_tests.c
Linking C executable cmTC_ea918
/usr/local/Cellar/cmake/3.6.0/bin/cmake -E cmake_link_script CMakeFiles/cmTC_ea918.dir/link.txt --verbose=1
/Users/xwu/software/openmp/bin/mpicc    -Wl,-search_paths_first -Wl,-headerpad_max_install_names   CMakeFiles/cmTC_ea918.dir/feature_tests.c.o  -o cmTC_ea918 


    Feature record: C_FEATURE:1c_function_prototypes
    Feature record: C_FEATURE:1c_restrict
    Feature record: C_FEATURE:0c_static_assert
    Feature record: C_FEATURE:1c_variadic_macros


Detecting C [-std=c90] compiler features compiled with the following output:
Change Dir: /Users/xwu/phd_xwu/BGMRES-GPU/CMakeFiles/CMakeTmp

Run Build Command:"/usr/bin/make" "cmTC_048fc/fast"
/Library/Developer/CommandLineTools/usr/bin/make -f CMakeFiles/cmTC_048fc.dir/build.make CMakeFiles/cmTC_048fc.dir/build
Building C object CMakeFiles/cmTC_048fc.dir/feature_tests.c.o
/Users/xwu/software/openmp/bin/mpicc    -std=c90 -o CMakeFiles/cmTC_048fc.dir/feature_tests.c.o   -c /Users/xwu/phd_xwu/BGMRES-GPU/CMakeFiles/feature_tests.c
Linking C executable cmTC_048fc
/usr/local/Cellar/cmake/3.6.0/bin/cmake -E cmake_link_script CMakeFiles/cmTC_048fc.dir/link.txt --verbose=1
/Users/xwu/software/openmp/bin/mpicc    -Wl,-search_paths_first -Wl,-headerpad_max_install_names   CMakeFiles/cmTC_048fc.dir/feature_tests.c.o  -o cmTC_048fc 


    Feature record: C_FEATURE:1c_function_prototypes
    Feature record: C_FEATURE:0c_restrict
    Feature record: C_FEATURE:0c_static_assert
    Feature record: C_FEATURE:0c_variadic_macros
Determining if the CXX compiler works passed with the following output:
Change Dir: /Users/xwu/phd_xwu/BGMRES-GPU/CMakeFiles/CMakeTmp

Run Build Command:"/usr/bin/make" "cmTC_f6128/fast"
/Library/Developer/CommandLineTools/usr/bin/make -f CMakeFiles/cmTC_f6128.dir/build.make CMakeFiles/cmTC_f6128.dir/build
Building CXX object CMakeFiles/cmTC_f6128.dir/testCXXCompiler.cxx.o
/Users/xwu/software/openmp/bin/mpicxx      -o CMakeFiles/cmTC_f6128.dir/testCXXCompiler.cxx.o -c /Users/xwu/phd_xwu/BGMRES-GPU/CMakeFiles/CMakeTmp/testCXXCompiler.cxx
Linking CXX executable cmTC_f6128
/usr/local/Cellar/cmake/3.6.0/bin/cmake -E cmake_link_script CMakeFiles/cmTC_f6128.dir/link.txt --verbose=1
/Users/xwu/software/openmp/bin/mpicxx     -Wl,-search_paths_first -Wl,-headerpad_max_install_names   CMakeFiles/cmTC_f6128.dir/testCXXCompiler.cxx.o  -o cmTC_f6128 


Detecting CXX compiler ABI info compiled with the following output:
Change Dir: /Users/xwu/phd_xwu/BGMRES-GPU/CMakeFiles/CMakeTmp

Run Build Command:"/usr/bin/make" "cmTC_0b055/fast"
/Library/Developer/CommandLineTools/usr/bin/make -f CMakeFiles/cmTC_0b055.dir/build.make CMakeFiles/cmTC_0b055.dir/build
Building CXX object CMakeFiles/cmTC_0b055.dir/CMakeCXXCompilerABI.cpp.o
/Users/xwu/software/openmp/bin/mpicxx      -o CMakeFiles/cmTC_0b055.dir/CMakeCXXCompilerABI.cpp.o -c /usr/local/Cellar/cmake/3.6.0/share/cmake/Modules/CMakeCXXCompilerABI.cpp
Linking CXX executable cmTC_0b055
/usr/local/Cellar/cmake/3.6.0/bin/cmake -E cmake_link_script CMakeFiles/cmTC_0b055.dir/link.txt --verbose=1
/Users/xwu/software/openmp/bin/mpicxx     -Wl,-search_paths_first -Wl,-headerpad_max_install_names  -v -Wl,-v CMakeFiles/cmTC_0b055.dir/CMakeCXXCompilerABI.cpp.o  -o cmTC_0b055  
Apple LLVM version 8.0.0 (clang-800.0.38)
Target: x86_64-apple-darwin16.0.0
Thread model: posix
InstalledDir: /Library/Developer/CommandLineTools/usr/bin
 "/Library/Developer/CommandLineTools/usr/bin/ld" -demangle -dynamic -arch x86_64 -macosx_version_min 10.12.0 -o cmTC_0b055 -L/Users/xwu/software/openmp/lib -search_paths_first -headerpad_max_install_names -v CMakeFiles/cmTC_0b055.dir/CMakeCXXCompilerABI.cpp.o -lmpi_cxx -lmpi -lc++ -lSystem /Library/Developer/CommandLineTools/usr/bin/../lib/clang/8.0.0/lib/darwin/libclang_rt.osx.a
@(#)PROGRAM:ld  PROJECT:ld64-274.1
configured to support archs: armv6 armv7 armv7s arm64 i386 x86_64 x86_64h armv6m armv7k armv7m armv7em (tvOS)
Library search paths:
	/Users/xwu/software/openmp/lib
	/usr/lib
	/usr/local/lib
Framework search paths:
	/Library/Frameworks/
	/System/Library/Frameworks/


Parsed CXX implicit link information from above output:
  link line regex: [^( *|.*[/\])(CMAKE_LINKER-NOTFOUND|([^/\]+-)?ld|collect2)[^/\]*( |$)]
  ignore line: [Change Dir: /Users/xwu/phd_xwu/BGMRES-GPU/CMakeFiles/CMakeTmp]
  ignore line: []
  ignore line: [Run Build Command:"/usr/bin/make" "cmTC_0b055/fast"]
  ignore line: [/Library/Developer/CommandLineTools/usr/bin/make -f CMakeFiles/cmTC_0b055.dir/build.make CMakeFiles/cmTC_0b055.dir/build]
  ignore line: [Building CXX object CMakeFiles/cmTC_0b055.dir/CMakeCXXCompilerABI.cpp.o]
  ignore line: [/Users/xwu/software/openmp/bin/mpicxx      -o CMakeFiles/cmTC_0b055.dir/CMakeCXXCompilerABI.cpp.o -c /usr/local/Cellar/cmake/3.6.0/share/cmake/Modules/CMakeCXXCompilerABI.cpp]
  ignore line: [Linking CXX executable cmTC_0b055]
  ignore line: [/usr/local/Cellar/cmake/3.6.0/bin/cmake -E cmake_link_script CMakeFiles/cmTC_0b055.dir/link.txt --verbose=1]
  ignore line: [/Users/xwu/software/openmp/bin/mpicxx     -Wl,-search_paths_first -Wl,-headerpad_max_install_names  -v -Wl,-v CMakeFiles/cmTC_0b055.dir/CMakeCXXCompilerABI.cpp.o  -o cmTC_0b055  ]
  ignore line: [Apple LLVM version 8.0.0 (clang-800.0.38)]
  ignore line: [Target: x86_64-apple-darwin16.0.0]
  ignore line: [Thread model: posix]
  ignore line: [InstalledDir: /Library/Developer/CommandLineTools/usr/bin]
  link line: [ "/Library/Developer/CommandLineTools/usr/bin/ld" -demangle -dynamic -arch x86_64 -macosx_version_min 10.12.0 -o cmTC_0b055 -L/Users/xwu/software/openmp/lib -search_paths_first -headerpad_max_install_names -v CMakeFiles/cmTC_0b055.dir/CMakeCXXCompilerABI.cpp.o -lmpi_cxx -lmpi -lc++ -lSystem /Library/Developer/CommandLineTools/usr/bin/../lib/clang/8.0.0/lib/darwin/libclang_rt.osx.a]
    arg [/Library/Developer/CommandLineTools/usr/bin/ld] ==> ignore
    arg [-demangle] ==> ignore
    arg [-dynamic] ==> ignore
    arg [-arch] ==> ignore
    arg [x86_64] ==> ignore
    arg [-macosx_version_min] ==> ignore
    arg [10.12.0] ==> ignore
    arg [-o] ==> ignore
    arg [cmTC_0b055] ==> ignore
    arg [-L/Users/xwu/software/openmp/lib] ==> dir [/Users/xwu/software/openmp/lib]
    arg [-search_paths_first] ==> ignore
    arg [-headerpad_max_install_names] ==> ignore
    arg [-v] ==> ignore
    arg [CMakeFiles/cmTC_0b055.dir/CMakeCXXCompilerABI.cpp.o] ==> ignore
    arg [-lmpi_cxx] ==> lib [mpi_cxx]
    arg [-lmpi] ==> lib [mpi]
    arg [-lc++] ==> lib [c++]
    arg [-lSystem] ==> lib [System]
    arg [/Library/Developer/CommandLineTools/usr/bin/../lib/clang/8.0.0/lib/darwin/libclang_rt.osx.a] ==> lib [/Library/Developer/CommandLineTools/usr/bin/../lib/clang/8.0.0/lib/darwin/libclang_rt.osx.a]
  Library search paths: [;/Users/xwu/software/openmp/lib;/usr/lib;/usr/local/lib]
  Framework search paths: [;/Library/Frameworks/;/System/Library/Frameworks/]
  remove lib [System]
  collapse lib [/Library/Developer/CommandLineTools/usr/bin/../lib/clang/8.0.0/lib/darwin/libclang_rt.osx.a] ==> [/Library/Developer/CommandLineTools/usr/lib/clang/8.0.0/lib/darwin/libclang_rt.osx.a]
  collapse library dir [/Users/xwu/software/openmp/lib] ==> [/Users/xwu/software/openmp/lib]
  collapse library dir [/Users/xwu/software/openmp/lib] ==> [/Users/xwu/software/openmp/lib]
  collapse library dir [/usr/lib] ==> [/usr/lib]
  collapse library dir [/usr/local/lib] ==> [/usr/local/lib]
  collapse framework dir [/Library/Frameworks/] ==> [/Library/Frameworks]
  collapse framework dir [/System/Library/Frameworks/] ==> [/System/Library/Frameworks]
  implicit libs: [mpi_cxx;mpi;c++;/Library/Developer/CommandLineTools/usr/lib/clang/8.0.0/lib/darwin/libclang_rt.osx.a]
  implicit dirs: [/Users/xwu/software/openmp/lib;/usr/lib;/usr/local/lib]
  implicit fwks: [/Library/Frameworks;/System/Library/Frameworks]




Detecting CXX [-std=c++14] compiler features compiled with the following output:
Change Dir: /Users/xwu/phd_xwu/BGMRES-GPU/CMakeFiles/CMakeTmp

Run Build Command:"/usr/bin/make" "cmTC_be1ee/fast"
/Library/Developer/CommandLineTools/usr/bin/make -f CMakeFiles/cmTC_be1ee.dir/build.make CMakeFiles/cmTC_be1ee.dir/build
Building CXX object CMakeFiles/cmTC_be1ee.dir/feature_tests.cxx.o
/Users/xwu/software/openmp/bin/mpicxx     -std=c++14 -o CMakeFiles/cmTC_be1ee.dir/feature_tests.cxx.o -c /Users/xwu/phd_xwu/BGMRES-GPU/CMakeFiles/feature_tests.cxx
Linking CXX executable cmTC_be1ee
/usr/local/Cellar/cmake/3.6.0/bin/cmake -E cmake_link_script CMakeFiles/cmTC_be1ee.dir/link.txt --verbose=1
/Users/xwu/software/openmp/bin/mpicxx     -Wl,-search_paths_first -Wl,-headerpad_max_install_names   CMakeFiles/cmTC_be1ee.dir/feature_tests.cxx.o  -o cmTC_be1ee 


    Feature record: CXX_FEATURE:1cxx_aggregate_default_initializers
    Feature record: CXX_FEATURE:1cxx_alias_templates
    Feature record: CXX_FEATURE:1cxx_alignas
    Feature record: CXX_FEATURE:1cxx_alignof
    Feature record: CXX_FEATURE:1cxx_attributes
    Feature record: CXX_FEATURE:1cxx_attribute_deprecated
    Feature record: CXX_FEATURE:1cxx_auto_type
    Feature record: CXX_FEATURE:1cxx_binary_literals
    Feature record: CXX_FEATURE:1cxx_constexpr
    Feature record: CXX_FEATURE:1cxx_contextual_conversions
    Feature record: CXX_FEATURE:1cxx_decltype
    Feature record: CXX_FEATURE:1cxx_decltype_auto
    Feature record: CXX_FEATURE:1cxx_decltype_incomplete_return_types
    Feature record: CXX_FEATURE:1cxx_default_function_template_args
    Feature record: CXX_FEATURE:1cxx_defaulted_functions
    Feature record: CXX_FEATURE:1cxx_defaulted_move_initializers
    Feature record: CXX_FEATURE:1cxx_delegating_constructors
    Feature record: CXX_FEATURE:1cxx_deleted_functions
    Feature record: CXX_FEATURE:1cxx_digit_separators
    Feature record: CXX_FEATURE:1cxx_enum_forward_declarations
    Feature record: CXX_FEATURE:1cxx_explicit_conversions
    Feature record: CXX_FEATURE:1cxx_extended_friend_declarations
    Feature record: CXX_FEATURE:1cxx_extern_templates
    Feature record: CXX_FEATURE:1cxx_final
    Feature record: CXX_FEATURE:1cxx_func_identifier
    Feature record: CXX_FEATURE:1cxx_generalized_initializers
    Feature record: CXX_FEATURE:1cxx_generic_lambdas
    Feature record: CXX_FEATURE:1cxx_inheriting_constructors
    Feature record: CXX_FEATURE:1cxx_inline_namespaces
    Feature record: CXX_FEATURE:1cxx_lambdas
    Feature record: CXX_FEATURE:1cxx_lambda_init_captures
    Feature record: CXX_FEATURE:1cxx_local_type_template_args
    Feature record: CXX_FEATURE:1cxx_long_long_type
    Feature record: CXX_FEATURE:1cxx_noexcept
    Feature record: CXX_FEATURE:1cxx_nonstatic_member_init
    Feature record: CXX_FEATURE:1cxx_nullptr
    Feature record: CXX_FEATURE:1cxx_override
    Feature record: CXX_FEATURE:1cxx_range_for
    Feature record: CXX_FEATURE:1cxx_raw_string_literals
    Feature record: CXX_FEATURE:1cxx_reference_qualified_functions
    Feature record: CXX_FEATURE:1cxx_relaxed_constexpr
    Feature record: CXX_FEATURE:1cxx_return_type_deduction
    Feature record: CXX_FEATURE:1cxx_right_angle_brackets
    Feature record: CXX_FEATURE:1cxx_rvalue_references
    Feature record: CXX_FEATURE:1cxx_sizeof_member
    Feature record: CXX_FEATURE:1cxx_static_assert
    Feature record: CXX_FEATURE:1cxx_strong_enums
    Feature record: CXX_FEATURE:1cxx_template_template_parameters
    Feature record: CXX_FEATURE:1cxx_thread_local
    Feature record: CXX_FEATURE:1cxx_trailing_return_types
    Feature record: CXX_FEATURE:1cxx_unicode_literals
    Feature record: CXX_FEATURE:1cxx_uniform_initialization
    Feature record: CXX_FEATURE:1cxx_unrestricted_unions
    Feature record: CXX_FEATURE:1cxx_user_literals
    Feature record: CXX_FEATURE:1cxx_variable_templates
    Feature record: CXX_FEATURE:1cxx_variadic_macros
    Feature record: CXX_FEATURE:1cxx_variadic_templates


Detecting CXX [-std=c++11] compiler features compiled with the following output:
Change Dir: /Users/xwu/phd_xwu/BGMRES-GPU/CMakeFiles/CMakeTmp

Run Build Command:"/usr/bin/make" "cmTC_82c85/fast"
/Library/Developer/CommandLineTools/usr/bin/make -f CMakeFiles/cmTC_82c85.dir/build.make CMakeFiles/cmTC_82c85.dir/build
Building CXX object CMakeFiles/cmTC_82c85.dir/feature_tests.cxx.o
/Users/xwu/software/openmp/bin/mpicxx     -std=c++11 -o CMakeFiles/cmTC_82c85.dir/feature_tests.cxx.o -c /Users/xwu/phd_xwu/BGMRES-GPU/CMakeFiles/feature_tests.cxx
Linking CXX executable cmTC_82c85
/usr/local/Cellar/cmake/3.6.0/bin/cmake -E cmake_link_script CMakeFiles/cmTC_82c85.dir/link.txt --verbose=1
/Users/xwu/software/openmp/bin/mpicxx     -Wl,-search_paths_first -Wl,-headerpad_max_install_names   CMakeFiles/cmTC_82c85.dir/feature_tests.cxx.o  -o cmTC_82c85 


    Feature record: CXX_FEATURE:0cxx_aggregate_default_initializers
    Feature record: CXX_FEATURE:1cxx_alias_templates
    Feature record: CXX_FEATURE:1cxx_alignas
    Feature record: CXX_FEATURE:1cxx_alignof
    Feature record: CXX_FEATURE:1cxx_attributes
    Feature record: CXX_FEATURE:0cxx_attribute_deprecated
    Feature record: CXX_FEATURE:1cxx_auto_type
    Feature record: CXX_FEATURE:0cxx_binary_literals
    Feature record: CXX_FEATURE:1cxx_constexpr
    Feature record: CXX_FEATURE:0cxx_contextual_conversions
    Feature record: CXX_FEATURE:1cxx_decltype
    Feature record: CXX_FEATURE:0cxx_decltype_auto
    Feature record: CXX_FEATURE:1cxx_decltype_incomplete_return_types
    Feature record: CXX_FEATURE:1cxx_default_function_template_args
    Feature record: CXX_FEATURE:1cxx_defaulted_functions
    Feature record: CXX_FEATURE:1cxx_defaulted_move_initializers
    Feature record: CXX_FEATURE:1cxx_delegating_constructors
    Feature record: CXX_FEATURE:1cxx_deleted_functions
    Feature record: CXX_FEATURE:0cxx_digit_separators
    Feature record: CXX_FEATURE:1cxx_enum_forward_declarations
    Feature record: CXX_FEATURE:1cxx_explicit_conversions
    Feature record: CXX_FEATURE:1cxx_extended_friend_declarations
    Feature record: CXX_FEATURE:1cxx_extern_templates
    Feature record: CXX_FEATURE:1cxx_final
    Feature record: CXX_FEATURE:1cxx_func_identifier
    Feature record: CXX_FEATURE:1cxx_generalized_initializers
    Feature record: CXX_FEATURE:0cxx_generic_lambdas
    Feature record: CXX_FEATURE:1cxx_inheriting_constructors
    Feature record: CXX_FEATURE:1cxx_inline_namespaces
    Feature record: CXX_FEATURE:1cxx_lambdas
    Feature record: CXX_FEATURE:0cxx_lambda_init_captures
    Feature record: CXX_FEATURE:1cxx_local_type_template_args
    Feature record: CXX_FEATURE:1cxx_long_long_type
    Feature record: CXX_FEATURE:1cxx_noexcept
    Feature record: CXX_FEATURE:1cxx_nonstatic_member_init
    Feature record: CXX_FEATURE:1cxx_nullptr
    Feature record: CXX_FEATURE:1cxx_override
    Feature record: CXX_FEATURE:1cxx_range_for
    Feature record: CXX_FEATURE:1cxx_raw_string_literals
    Feature record: CXX_FEATURE:1cxx_reference_qualified_functions
    Feature record: CXX_FEATURE:0cxx_relaxed_constexpr
    Feature record: CXX_FEATURE:0cxx_return_type_deduction
    Feature record: CXX_FEATURE:1cxx_right_angle_brackets
    Feature record: CXX_FEATURE:1cxx_rvalue_references
    Feature record: CXX_FEATURE:1cxx_sizeof_member
    Feature record: CXX_FEATURE:1cxx_static_assert
    Feature record: CXX_FEATURE:1cxx_strong_enums
    Feature record: CXX_FEATURE:1cxx_template_template_parameters
    Feature record: CXX_FEATURE:1cxx_thread_local
    Feature record: CXX_FEATURE:1cxx_trailing_return_types
    Feature record: CXX_FEATURE:1cxx_unicode_literals
    Feature record: CXX_FEATURE:1cxx_uniform_initialization
    Feature record: CXX_FEATURE:1cxx_unrestricted_unions
    Feature record: CXX_FEATURE:1cxx_user_literals
    Feature record: CXX_FEATURE:0cxx_variable_templates
    Feature record: CXX_FEATURE:1cxx_variadic_macros
    Feature record: CXX_FEATURE:1cxx_variadic_templates


Detecting CXX [-std=c++98] compiler features compiled with the following output:
Change Dir: /Users/xwu/phd_xwu/BGMRES-GPU/CMakeFiles/CMakeTmp

Run Build Command:"/usr/bin/make" "cmTC_18587/fast"
/Library/Developer/CommandLineTools/usr/bin/make -f CMakeFiles/cmTC_18587.dir/build.make CMakeFiles/cmTC_18587.dir/build
Building CXX object CMakeFiles/cmTC_18587.dir/feature_tests.cxx.o
/Users/xwu/software/openmp/bin/mpicxx     -std=c++98 -o CMakeFiles/cmTC_18587.dir/feature_tests.cxx.o -c /Users/xwu/phd_xwu/BGMRES-GPU/CMakeFiles/feature_tests.cxx
Linking CXX executable cmTC_18587
/usr/local/Cellar/cmake/3.6.0/bin/cmake -E cmake_link_script CMakeFiles/cmTC_18587.dir/link.txt --verbose=1
/Users/xwu/software/openmp/bin/mpicxx     -Wl,-search_paths_first -Wl,-headerpad_max_install_names   CMakeFiles/cmTC_18587.dir/feature_tests.cxx.o  -o cmTC_18587 


    Feature record: CXX_FEATURE:0cxx_aggregate_default_initializers
    Feature record: CXX_FEATURE:0cxx_alias_templates
    Feature record: CXX_FEATURE:0cxx_alignas
    Feature record: CXX_FEATURE:0cxx_alignof
    Feature record: CXX_FEATURE:0cxx_attributes
    Feature record: CXX_FEATURE:0cxx_attribute_deprecated
    Feature record: CXX_FEATURE:0cxx_auto_type
    Feature record: CXX_FEATURE:0cxx_binary_literals
    Feature record: CXX_FEATURE:0cxx_constexpr
    Feature record: CXX_FEATURE:0cxx_contextual_conversions
    Feature record: CXX_FEATURE:0cxx_decltype
    Feature record: CXX_FEATURE:0cxx_decltype_auto
    Feature record: CXX_FEATURE:0cxx_decltype_incomplete_return_types
    Feature record: CXX_FEATURE:0cxx_default_function_template_args
    Feature record: CXX_FEATURE:0cxx_defaulted_functions
    Feature record: CXX_FEATURE:0cxx_defaulted_move_initializers
    Feature record: CXX_FEATURE:0cxx_delegating_constructors
    Feature record: CXX_FEATURE:0cxx_deleted_functions
    Feature record: CXX_FEATURE:0cxx_digit_separators
    Feature record: CXX_FEATURE:0cxx_enum_forward_declarations
    Feature record: CXX_FEATURE:0cxx_explicit_conversions
    Feature record: CXX_FEATURE:0cxx_extended_friend_declarations
    Feature record: CXX_FEATURE:0cxx_extern_templates
    Feature record: CXX_FEATURE:0cxx_final
    Feature record: CXX_FEATURE:0cxx_func_identifier
    Feature record: CXX_FEATURE:0cxx_generalized_initializers
    Feature record: CXX_FEATURE:0cxx_generic_lambdas
    Feature record: CXX_FEATURE:0cxx_inheriting_constructors
    Feature record: CXX_FEATURE:0cxx_inline_namespaces
    Feature record: CXX_FEATURE:0cxx_lambdas
    Feature record: CXX_FEATURE:0cxx_lambda_init_captures
    Feature record: CXX_FEATURE:0cxx_local_type_template_args
    Feature record: CXX_FEATURE:0cxx_long_long_type
    Feature record: CXX_FEATURE:0cxx_noexcept
    Feature record: CXX_FEATURE:0cxx_nonstatic_member_init
    Feature record: CXX_FEATURE:0cxx_nullptr
    Feature record: CXX_FEATURE:0cxx_override
    Feature record: CXX_FEATURE:0cxx_range_for
    Feature record: CXX_FEATURE:0cxx_raw_string_literals
    Feature record: CXX_FEATURE:0cxx_reference_qualified_functions
    Feature record: CXX_FEATURE:0cxx_relaxed_constexpr
    Feature record: CXX_FEATURE:0cxx_return_type_deduction
    Feature record: CXX_FEATURE:0cxx_right_angle_brackets
    Feature record: CXX_FEATURE:0cxx_rvalue_references
    Feature record: CXX_FEATURE:0cxx_sizeof_member
    Feature record: CXX_FEATURE:0cxx_static_assert
    Feature record: CXX_FEATURE:0cxx_strong_enums
    Feature record: CXX_FEATURE:1cxx_template_template_parameters
    Feature record: CXX_FEATURE:0cxx_thread_local
    Feature record: CXX_FEATURE:0cxx_trailing_return_types
    Feature record: CXX_FEATURE:0cxx_unicode_literals
    Feature record: CXX_FEATURE:0cxx_uniform_initialization
    Feature record: CXX_FEATURE:0cxx_unrestricted_unions
    Feature record: CXX_FEATURE:0cxx_user_literals
    Feature record: CXX_FEATURE:0cxx_variable_templates
    Feature record: CXX_FEATURE:0cxx_variadic_macros
    Feature record: CXX_FEATURE:0cxx_variadic_templates
